[debug] [2023-01-10T19:04:46.347Z] ----------------------------------------------------------------------
[debug] [2023-01-10T19:04:46.349Z] Command:       C:\Program Files\nodejs\node.exe C:\Users\high9\AppData\Roaming\npm\node_modules\firebase-tools\lib\bin\firebase.js init hosting
[debug] [2023-01-10T19:04:46.350Z] CLI Version:   11.20.0
[debug] [2023-01-10T19:04:46.350Z] Platform:      win32
[debug] [2023-01-10T19:04:46.350Z] Node Version:  v16.13.2
[debug] [2023-01-10T19:04:46.351Z] Time:          Wed Jan 11 2023 00:34:46 GMT+0530 (India Standard Time)
[debug] [2023-01-10T19:04:46.351Z] ----------------------------------------------------------------------
[debug] 
[debug] [2023-01-10T19:04:46.359Z] > command requires scopes: ["email","openid","https://www.googleapis.com/auth/cloudplatformprojects.readonly","https://www.googleapis.com/auth/firebase","https://www.googleapis.com/auth/cloud-platform"]
[debug] [2023-01-10T19:04:46.360Z] > authorizing via signed-in user (ajha929@gmail.com)
[info] 
     ######## #### ########  ######## ########     ###     ######  ########
     ##        ##  ##     ## ##       ##     ##  ##   ##  ##       ##
     ######    ##  ########  ######   ########  #########  ######  ######
     ##        ##  ##    ##  ##       ##     ## ##     ##       ## ##
     ##       #### ##     ## ######## ########  ##     ##  ######  ########

You're about to initialize a Firebase project in this directory:

  C:\Users\high9\OneDrive\Desktop\Amazon_DataScraper

[info] 
=== Project Setup
[info] 
[info] First, let's associate this project directory with a Firebase project.
[info] You can create multiple project aliases by running firebase use --add, 
[info] but for now we'll just set up a default project.
[info] 
[debug] [2023-01-10T19:04:53.016Z] >>> [apiv2][query] GET https://firebase.googleapis.com/v1beta1/projects pageSize=100
[debug] [2023-01-10T19:04:54.321Z] <<< [apiv2][status] GET https://firebase.googleapis.com/v1beta1/projects 200
[debug] [2023-01-10T19:04:54.321Z] <<< [apiv2][body] GET https://firebase.googleapis.com/v1beta1/projects [omitted]
[info] i  Using project data-extract-bb987 (amazon-data-extract) 
[info] 
=== Hosting Setup
[info] 
[info] Your public directory is the folder (relative to your project directory) that
[info] will contain Hosting assets to be uploaded with firebase deploy. If you
[info] have a build process for your assets, use your build's output directory.
[info] 
[debug] [2023-01-10T19:05:17.067Z] >>> [apiv2][query] GET https://www.gstatic.com/firebasejs/releases.json [none]
[debug] [2023-01-10T19:05:17.247Z] <<< [apiv2][status] GET https://www.gstatic.com/firebasejs/releases.json 200
[debug] [2023-01-10T19:05:17.247Z] <<< [apiv2][body] GET https://www.gstatic.com/firebasejs/releases.json {"current":{"version":"9.15.0","browserURL":"https://www.gstatic.com/firebasejs/9.15.0/firebase.js","packageURL":"https://www.gstatic.com/firebasejs/9.15.0/firebase.tgz"},"live":{"version":"9.15","browserURL":"https://www.gstatic.com/firebasejs/live/9.15/firebase.js","packageURL":"https://www.gstatic.com/firebasejs/live/9.15/firebase.tgz"},"components":{"analytics":"https://www.gstatic.com/firebasejs/9.15.0/firebase-analytics.js","app":"https://www.gstatic.com/firebasejs/9.15.0/firebase-app.js","app-check":"https://www.gstatic.com/firebasejs/9.15.0/firebase-app-check.js","auth":"https://www.gstatic.com/firebasejs/9.15.0/firebase-auth.js","auth/cordova":"https://www.gstatic.com/firebasejs/9.15.0/firebase-auth/cordova.js","auth/react-native":"https://www.gstatic.com/firebasejs/9.15.0/firebase-auth/react-native.js","functions":"https://www.gstatic.com/firebasejs/9.15.0/firebase-functions.js","firestore":"https://www.gstatic.com/firebasejs/9.15.0/firebase-firestore.js","firestore/lite":"https://www.gstatic.com/firebasejs/9.15.0/firebase-firestore/lite.js","installations":"https://www.gstatic.com/firebasejs/9.15.0/firebase-installations.js","storage":"https://www.gstatic.com/firebasejs/9.15.0/firebase-storage.js","performance":"https://www.gstatic.com/firebasejs/9.15.0/firebase-performance.js","remote-config":"https://www.gstatic.com/firebasejs/9.15.0/firebase-remote-config.js","messaging":"https://www.gstatic.com/firebasejs/9.15.0/firebase-messaging.js","messaging/sw":"https://www.gstatic.com/firebasejs/9.15.0/firebase-messaging/sw.js","database":"https://www.gstatic.com/firebasejs/9.15.0/firebase-database.js","firestore.memory":"https://www.gstatic.com/firebasejs/9.15.0/firebase-firestore.memory.js"}}
[info] +  Wrote public/index.html 
[info] 
[info] i  Didn't detect a .git folder. Assuming C:\Users\high9\OneDrive\Desktop\Amazon_DataScraper is the project root. 
[info] i  Authorizing with GitHub to upload your service account to a GitHub repository's secrets store. 
[info] 
[info] Visit this URL on this device to log in:
[info] https://github.com/login/oauth/authorize?client_id=89cf50f02ac6aaed3484&state=1014930017&redirect_uri=http%3A%2F%2Flocalhost%3A9005&scope=read%3Auser%20repo%20public_repo
[info] 
[info] Waiting for authentication...
[debug] [2023-01-10T19:05:28.518Z] >>> [apiv2][query] POST https://github.com/login/oauth/access_token [none]
[debug] [2023-01-10T19:05:28.518Z] >>> [apiv2][body] POST https://github.com/login/oauth/access_token [stream]
[debug] [2023-01-10T19:05:29.025Z] <<< [apiv2][status] POST https://github.com/login/oauth/access_token 200
[debug] [2023-01-10T19:05:29.025Z] <<< [apiv2][body] POST https://github.com/login/oauth/access_token {"access_token":"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","token_type":"bearer","scope":"read:user,repo"}
[debug] [2023-01-10T19:05:29.031Z] >>> [apiv2][query] GET https://api.github.com/user [none]
[debug] [2023-01-10T19:05:29.525Z] <<< [apiv2][status] GET https://api.github.com/user 200
[debug] [2023-01-10T19:05:29.525Z] <<< [apiv2][body] GET https://api.github.com/user {"login":"alphaabhi","id":39146300,"node_id":"MDQ6VXNlcjM5MTQ2MzAw","avatar_url":"https://avatars.githubusercontent.com/u/39146300?v=4","gravatar_id":"","url":"https://api.github.com/users/alphaabhi","html_url":"https://github.com/alphaabhi","followers_url":"https://api.github.com/users/alphaabhi/followers","following_url":"https://api.github.com/users/alphaabhi/following{/other_user}","gists_url":"https://api.github.com/users/alphaabhi/gists{/gist_id}","starred_url":"https://api.github.com/users/alphaabhi/starred{/owner}{/repo}","subscriptions_url":"https://api.github.com/users/alphaabhi/subscriptions","organizations_url":"https://api.github.com/users/alphaabhi/orgs","repos_url":"https://api.github.com/users/alphaabhi/repos","events_url":"https://api.github.com/users/alphaabhi/events{/privacy}","received_events_url":"https://api.github.com/users/alphaabhi/received_events","type":"User","site_admin":false,"name":null,"company":null,"blog":"","location":null,"email":null,"hireable":null,"bio":null,"twitter_username":null,"public_repos":3,"public_gists":0,"followers":1,"following":1,"created_at":"2018-05-10T03:53:05Z","updated_at":"2023-01-01T11:49:41Z","private_gists":0,"total_private_repos":1,"owned_private_repos":1,"disk_usage":132,"collaborators":0,"two_factor_authentication":false,"plan":{"name":"free","space":976562499,"collaborators":0,"private_repos":10000}}
[info] 
[info] +  Success! Logged into GitHub as alphaabhi 
[info] 
[debug] [2023-01-10T19:05:37.219Z] >>> [apiv2][query] GET https://api.github.com/repos//actions/secrets/public-key type=owner
[debug] [2023-01-10T19:05:37.571Z] <<< [apiv2][status] GET https://api.github.com/repos//actions/secrets/public-key 404
[debug] [2023-01-10T19:05:37.571Z] <<< [apiv2][body] GET https://api.github.com/repos//actions/secrets/public-key {"message":"Not Found","documentation_url":"https://docs.github.com/rest"}
[debug] [2023-01-10T19:08:32.267Z] >>> [apiv2][query] GET https://api.github.com/repos/ git init/actions/secrets/public-key type=owner
[debug] [2023-01-10T19:08:32.685Z] <<< [apiv2][status] GET https://api.github.com/repos/ git init/actions/secrets/public-key 404
[debug] [2023-01-10T19:08:32.685Z] <<< [apiv2][body] GET https://api.github.com/repos/ git init/actions/secrets/public-key {"message":"Not Found","documentation_url":"https://docs.github.com/rest"}
